
  .   ____          _            __ _ _
 /\\ / ___'_ __ _ _(_)_ __  __ _ \ \ \ \
( ( )\___ | '_ | '_| | '_ \/ _` | \ \ \ \
 \\/  ___)| |_)| | | | | || (_| |  ) ) ) )
  '  |____| .__|_| |_|_| |_\__, | / / / /
 =========|_|==============|___/=/_/_/_/

 :: Spring Boot ::                (v4.0.2)

2026-01-27T17:12:04.577+05:30  INFO 68715 --- [travel-recommendation1] [           main] c.t.t.TravelRecommendation1Application   : Starting TravelRecommendation1Application v0.0.1-SNAPSHOT using Java 23.0.2 with PID 68715 (/Users/kunalagarwal/Desktop/travel-recommendation1/target/travel-recommendation1-0.0.1-SNAPSHOT.jar started by kunalagarwal in /Users/kunalagarwal/Desktop/travel-recommendation1)
2026-01-27T17:12:04.581+05:30  INFO 68715 --- [travel-recommendation1] [           main] c.t.t.TravelRecommendation1Application   : No active profile set, falling back to 1 default profile: "default"
2026-01-27T17:12:05.169+05:30  INFO 68715 --- [travel-recommendation1] [           main] .s.d.r.c.RepositoryConfigurationDelegate : Bootstrapping Spring Data JPA repositories in DEFAULT mode.
2026-01-27T17:12:05.218+05:30  INFO 68715 --- [travel-recommendation1] [           main] .s.d.r.c.RepositoryConfigurationDelegate : Finished Spring Data repository scanning in 42 ms. Found 1 JPA repository interface.
2026-01-27T17:12:05.478+05:30  INFO 68715 --- [travel-recommendation1] [           main] o.s.boot.tomcat.TomcatWebServer          : Tomcat initialized with port 8080 (http)
2026-01-27T17:12:05.484+05:30  INFO 68715 --- [travel-recommendation1] [           main] o.apache.catalina.core.StandardService   : Starting service [Tomcat]
2026-01-27T17:12:05.485+05:30  INFO 68715 --- [travel-recommendation1] [           main] o.apache.catalina.core.StandardEngine    : Starting Servlet engine: [Apache Tomcat/11.0.15]
2026-01-27T17:12:05.496+05:30  INFO 68715 --- [travel-recommendation1] [           main] b.w.c.s.WebApplicationContextInitializer : Root WebApplicationContext: initialization completed in 876 ms
2026-01-27T17:12:05.565+05:30  INFO 68715 --- [travel-recommendation1] [           main] org.hibernate.orm.jpa                    : HHH008540: Processing PersistenceUnitInfo [name: default]
2026-01-27T17:12:05.595+05:30  INFO 68715 --- [travel-recommendation1] [           main] org.hibernate.orm.core                   : HHH000001: Hibernate ORM core version 7.2.1.Final
2026-01-27T17:12:05.824+05:30  INFO 68715 --- [travel-recommendation1] [           main] o.s.o.j.p.SpringPersistenceUnitInfo      : No LoadTimeWeaver setup: ignoring JPA class transformer
2026-01-27T17:12:05.840+05:30  INFO 68715 --- [travel-recommendation1] [           main] com.zaxxer.hikari.HikariDataSource       : HikariPool-1 - Starting...
2026-01-27T17:12:05.959+05:30  INFO 68715 --- [travel-recommendation1] [           main] com.zaxxer.hikari.pool.HikariPool        : HikariPool-1 - Added connection org.postgresql.jdbc.PgConnection@43fd77d8
2026-01-27T17:12:05.960+05:30  INFO 68715 --- [travel-recommendation1] [           main] com.zaxxer.hikari.HikariDataSource       : HikariPool-1 - Start completed.
2026-01-27T17:12:05.995+05:30  WARN 68715 --- [travel-recommendation1] [           main] org.hibernate.orm.deprecation            : HHH90000025: PostgreSQLDialect does not need to be specified explicitly using 'hibernate.dialect' (remove the property setting and it will be selected by default)
2026-01-27T17:12:06.012+05:30  INFO 68715 --- [travel-recommendation1] [           main] org.hibernate.orm.connections.pooling    : HHH10001005: Database info:
	Database JDBC URL [jdbc:postgresql://localhost:5432/travel_db]
	Database driver: PostgreSQL JDBC Driver
	Database dialect: PostgreSQLDialect
	Database version: 14.20
	Default catalog/schema: travel_db/public
	Autocommit mode: undefined/unknown
	Isolation level: READ_COMMITTED [default READ_COMMITTED]
	JDBC fetch size: none
	Pool: DataSourceConnectionProvider
	Minimum pool size: undefined/unknown
	Maximum pool size: undefined/unknown
2026-01-27T17:12:06.399+05:30  INFO 68715 --- [travel-recommendation1] [           main] org.hibernate.orm.core                   : HHH000489: No JTA platform available (set 'hibernate.transaction.jta.platform' to enable JTA platform integration)
2026-01-27T17:12:06.445+05:30  INFO 68715 --- [travel-recommendation1] [           main] j.LocalContainerEntityManagerFactoryBean : Initialized JPA EntityManagerFactory for persistence unit 'default'
2026-01-27T17:12:06.485+05:30  INFO 68715 --- [travel-recommendation1] [           main] o.s.d.j.r.query.QueryEnhancerFactories   : Hibernate is in classpath; If applicable, HQL parser will be used.
2026-01-27T17:12:06.535+05:30  WARN 68715 --- [travel-recommendation1] [           main] JpaBaseConfiguration$JpaWebConfiguration : spring.jpa.open-in-view is enabled by default. Therefore, database queries may be performed during view rendering. Explicitly configure spring.jpa.open-in-view to disable this warning
2026-01-27T17:12:06.675+05:30  INFO 68715 --- [travel-recommendation1] [           main] o.s.boot.tomcat.TomcatWebServer          : Tomcat started on port 8080 (http) with context path '/'
2026-01-27T17:12:06.678+05:30  INFO 68715 --- [travel-recommendation1] [           main] c.t.t.TravelRecommendation1Application   : Started TravelRecommendation1Application in 2.301 seconds (process running for 2.746)
2026-01-27T17:14:42.117+05:30  INFO 68715 --- [travel-recommendation1] [nio-8080-exec-2] o.a.c.c.C.[Tomcat].[localhost].[/]       : Initializing Spring DispatcherServlet 'dispatcherServlet'
2026-01-27T17:14:42.118+05:30  INFO 68715 --- [travel-recommendation1] [nio-8080-exec-2] o.s.web.servlet.DispatcherServlet        : Initializing Servlet 'dispatcherServlet'
2026-01-27T17:14:42.120+05:30  INFO 68715 --- [travel-recommendation1] [nio-8080-exec-2] o.s.web.servlet.DispatcherServlet        : Completed initialization in 2 ms
Hibernate: select d1_0.id,d1_0.country,d1_0.description,d1_0.interests,d1_0.max_budget,d1_0.max_duration,d1_0.min_budget,d1_0.min_duration,d1_0.name from destinations d1_0
Hibernate: select d1_0.id,d1_0.country,d1_0.description,d1_0.interests,d1_0.max_budget,d1_0.max_duration,d1_0.min_budget,d1_0.min_duration,d1_0.name from destinations d1_0
Hibernate: select d1_0.id,d1_0.country,d1_0.description,d1_0.interests,d1_0.max_budget,d1_0.max_duration,d1_0.min_budget,d1_0.min_duration,d1_0.name from destinations d1_0
Hibernate: select d1_0.id,d1_0.country,d1_0.description,d1_0.interests,d1_0.max_budget,d1_0.max_duration,d1_0.min_budget,d1_0.min_duration,d1_0.name from destinations d1_0
Hibernate: select d1_0.id,d1_0.country,d1_0.description,d1_0.interests,d1_0.max_budget,d1_0.max_duration,d1_0.min_budget,d1_0.min_duration,d1_0.name from destinations d1_0
Hibernate: select d1_0.id,d1_0.country,d1_0.description,d1_0.interests,d1_0.max_budget,d1_0.max_duration,d1_0.min_budget,d1_0.min_duration,d1_0.name from destinations d1_0
Hibernate: select d1_0.id,d1_0.country,d1_0.description,d1_0.interests,d1_0.max_budget,d1_0.max_duration,d1_0.min_budget,d1_0.min_duration,d1_0.name from destinations d1_0
Hibernate: select d1_0.id,d1_0.country,d1_0.description,d1_0.interests,d1_0.max_budget,d1_0.max_duration,d1_0.min_budget,d1_0.min_duration,d1_0.name from destinations d1_0
Hibernate: select d1_0.id,d1_0.country,d1_0.description,d1_0.interests,d1_0.max_budget,d1_0.max_duration,d1_0.min_budget,d1_0.min_duration,d1_0.name from destinations d1_0
Hibernate: select d1_0.id,d1_0.country,d1_0.description,d1_0.interests,d1_0.max_budget,d1_0.max_duration,d1_0.min_budget,d1_0.min_duration,d1_0.name from destinations d1_0
Hibernate: select d1_0.id,d1_0.country,d1_0.description,d1_0.interests,d1_0.max_budget,d1_0.max_duration,d1_0.min_budget,d1_0.min_duration,d1_0.name from destinations d1_0
Hibernate: select d1_0.id,d1_0.country,d1_0.description,d1_0.interests,d1_0.max_budget,d1_0.max_duration,d1_0.min_budget,d1_0.min_duration,d1_0.name from destinations d1_0
2026-01-27T17:40:13.736+05:30  WARN 68715 --- [travel-recommendation1] [l-1:housekeeper] com.zaxxer.hikari.pool.HikariPool        : HikariPool-1 - Thread starvation or clock leap detected (housekeeper delta=2m7s408ms).
2026-01-27T17:57:22.055+05:30  WARN 68715 --- [travel-recommendation1] [l-1:housekeeper] com.zaxxer.hikari.pool.HikariPool        : HikariPool-1 - Thread starvation or clock leap detected (housekeeper delta=17m8s332ms).
2026-01-27T18:00:36.490+05:30  WARN 68715 --- [travel-recommendation1] [l-1:housekeeper] com.zaxxer.hikari.pool.HikariPool        : HikariPool-1 - Thread starvation or clock leap detected (housekeeper delta=2m44s425ms).
2026-01-27T18:03:19.188+05:30  WARN 68715 --- [travel-recommendation1] [l-1:housekeeper] com.zaxxer.hikari.pool.HikariPool        : HikariPool-1 - Thread starvation or clock leap detected (housekeeper delta=2m42s699ms).
2026-01-27T18:05:46.128+05:30  WARN 68715 --- [travel-recommendation1] [l-1:housekeeper] com.zaxxer.hikari.pool.HikariPool        : HikariPool-1 - Thread starvation or clock leap detected (housekeeper delta=1m56s928ms).
2026-01-27T18:07:49.740+05:30  WARN 68715 --- [travel-recommendation1] [l-1:housekeeper] com.zaxxer.hikari.pool.HikariPool        : HikariPool-1 - Thread starvation or clock leap detected (housekeeper delta=2m3s611ms).
2026-01-27T18:17:54.284+05:30  WARN 68715 --- [travel-recommendation1] [l-1:housekeeper] com.zaxxer.hikari.pool.HikariPool        : HikariPool-1 - Thread starvation or clock leap detected (housekeeper delta=9m34s517ms).
